  Clipper.cpp
  CmdAddVertex.cpp
  CmdBeginDraw.cpp
  CmdDrawPixel.cpp
  CmdEndDraw.cpp
  CmdModel.cpp
  CmdSetClipping.cpp
  CmdSetColor.cpp
  CmdSetCullMode.cpp
  CmdSetFillMode.cpp
  CmdSetShading.cpp
  CommandDictionary.cpp
  Graphics.cpp
  Model.cpp
  ModelCache.cpp
  PrimitivesManager.cpp
  Rasterizer.cpp
C:\Users\LCV2242924\Documents\GitHub\VGP240\Pix\Pix\Rasterizer.cpp(38,77): warning C4244: 'argument': conversion from 'float' to 'int', possible loss of data
C:\Users\LCV2242924\Documents\GitHub\VGP240\Pix\Pix\Rasterizer.cpp(38,56): warning C4244: 'argument': conversion from 'float' to 'int', possible loss of data
C:\Users\LCV2242924\Documents\GitHub\VGP240\Pix\Pix\Rasterizer.cpp(45,47): warning C4244: 'argument': conversion from 'float' to 'int', possible loss of data
C:\Users\LCV2242924\Documents\GitHub\VGP240\Pix\Pix\Rasterizer.cpp(45,26): warning C4244: 'argument': conversion from 'float' to 'int', possible loss of data
  Generating Code...
     Creating library C:\Users\LCV2242924\Documents\GitHub\VGP240\Pix\x64\Debug\Pix.lib and object C:\Users\LCV2242924\Documents\GitHub\VGP240\Pix\x64\Debug\Pix.exp
  Pix.vcxproj -> C:\Users\LCV2242924\Documents\GitHub\VGP240\Pix\x64\Debug\Pix.exe
